<?xml version="1.0" encoding="UTF-8"?>
<testsuite xmlns:xsi="http://www.w3.org/2001/XMLSchema-instance" xsi:noNamespaceSchemaLocation="https://maven.apache.org/surefire/maven-surefire-plugin/xsd/surefire-test-report-3.0.xsd" version="3.0" name="com.example.gdmc.transicion.planetas.PlanetaTest" time="0.135" tests="8" errors="0" skipped="0" failures="0">
  <properties>
    <property name="java.specification.version" value="21"/>
    <property name="sun.cpu.isalist" value="amd64"/>
    <property name="sun.jnu.encoding" value="Cp1252"/>
    <property name="java.class.path" value="c:\Users\donat\OneDrive\Escritorio\Obj2_actividades\sem3\transicion-java-sem-3\transicion-java\target\test-classes;c:\Users\donat\OneDrive\Escritorio\Obj2_actividades\sem3\transicion-java-sem-3\transicion-java\target\classes;C:\Users\donat\.m2\repository\org\junit\jupiter\junit-jupiter\5.12.0\junit-jupiter-5.12.0.jar;C:\Users\donat\.m2\repository\org\junit\jupiter\junit-jupiter-api\5.12.0\junit-jupiter-api-5.12.0.jar;C:\Users\donat\.m2\repository\org\opentest4j\opentest4j\1.3.0\opentest4j-1.3.0.jar;C:\Users\donat\.m2\repository\org\junit\platform\junit-platform-commons\1.12.0\junit-platform-commons-1.12.0.jar;C:\Users\donat\.m2\repository\org\apiguardian\apiguardian-api\1.1.2\apiguardian-api-1.1.2.jar;C:\Users\donat\.m2\repository\org\junit\jupiter\junit-jupiter-params\5.12.0\junit-jupiter-params-5.12.0.jar;C:\Users\donat\.m2\repository\org\junit\jupiter\junit-jupiter-engine\5.12.0\junit-jupiter-engine-5.12.0.jar;C:\Users\donat\.m2\repository\org\junit\platform\junit-platform-engine\1.12.0\junit-platform-engine-1.12.0.jar;"/>
    <property name="java.vm.vendor" value="Oracle Corporation"/>
    <property name="sun.arch.data.model" value="64"/>
    <property name="user.variant" value=""/>
    <property name="java.vendor.url" value="https://java.oracle.com/"/>
    <property name="user.timezone" value="America/Buenos_Aires"/>
    <property name="os.name" value="Windows 10"/>
    <property name="java.vm.specification.version" value="21"/>
    <property name="sun.java.launcher" value="SUN_STANDARD"/>
    <property name="user.country" value="MX"/>
    <property name="sun.boot.library.path" value="C:\Program Files\Java\jdk-21\bin"/>
    <property name="sun.java.command" value="C:\Users\donat\AppData\Local\Temp\surefire12725257053616453907\surefirebooter-20250916201722517_3.jar C:\Users\donat\AppData\Local\Temp\surefire12725257053616453907 2025-09-16T20-17-22_197-jvmRun1 surefire-20250916201722517_1tmp surefire_0-20250916201722517_2tmp"/>
    <property name="jdk.debug" value="release"/>
    <property name="surefire.test.class.path" value="c:\Users\donat\OneDrive\Escritorio\Obj2_actividades\sem3\transicion-java-sem-3\transicion-java\target\test-classes;c:\Users\donat\OneDrive\Escritorio\Obj2_actividades\sem3\transicion-java-sem-3\transicion-java\target\classes;C:\Users\donat\.m2\repository\org\junit\jupiter\junit-jupiter\5.12.0\junit-jupiter-5.12.0.jar;C:\Users\donat\.m2\repository\org\junit\jupiter\junit-jupiter-api\5.12.0\junit-jupiter-api-5.12.0.jar;C:\Users\donat\.m2\repository\org\opentest4j\opentest4j\1.3.0\opentest4j-1.3.0.jar;C:\Users\donat\.m2\repository\org\junit\platform\junit-platform-commons\1.12.0\junit-platform-commons-1.12.0.jar;C:\Users\donat\.m2\repository\org\apiguardian\apiguardian-api\1.1.2\apiguardian-api-1.1.2.jar;C:\Users\donat\.m2\repository\org\junit\jupiter\junit-jupiter-params\5.12.0\junit-jupiter-params-5.12.0.jar;C:\Users\donat\.m2\repository\org\junit\jupiter\junit-jupiter-engine\5.12.0\junit-jupiter-engine-5.12.0.jar;C:\Users\donat\.m2\repository\org\junit\platform\junit-platform-engine\1.12.0\junit-platform-engine-1.12.0.jar;"/>
    <property name="sun.cpu.endian" value="little"/>
    <property name="user.home" value="C:\Users\donat"/>
    <property name="user.language" value="es"/>
    <property name="java.specification.vendor" value="Oracle Corporation"/>
    <property name="java.version.date" value="2025-07-15"/>
    <property name="java.home" value="C:\Program Files\Java\jdk-21"/>
    <property name="file.separator" value="\"/>
    <property name="basedir" value="c:\Users\donat\OneDrive\Escritorio\Obj2_actividades\sem3\transicion-java-sem-3\transicion-java"/>
    <property name="java.vm.compressedOopsMode" value="32-bit"/>
    <property name="line.separator" value="&#10;"/>
    <property name="java.vm.specification.vendor" value="Oracle Corporation"/>
    <property name="java.specification.name" value="Java Platform API Specification"/>
    <property name="surefire.real.class.path" value="C:\Users\donat\AppData\Local\Temp\surefire12725257053616453907\surefirebooter-20250916201722517_3.jar"/>
    <property name="user.script" value=""/>
    <property name="sun.management.compiler" value="HotSpot 64-Bit Tiered Compilers"/>
    <property name="java.runtime.version" value="21.0.8+12-LTS-250"/>
    <property name="user.name" value="donat"/>
    <property name="stdout.encoding" value="Cp1252"/>
    <property name="path.separator" value=";"/>
    <property name="os.version" value="10.0"/>
    <property name="java.runtime.name" value="Java(TM) SE Runtime Environment"/>
    <property name="file.encoding" value="UTF-8"/>
    <property name="java.vm.name" value="Java HotSpot(TM) 64-Bit Server VM"/>
    <property name="localRepository" value="C:\Users\donat\.m2\repository"/>
    <property name="java.vendor.url.bug" value="https://bugreport.java.com/bugreport/"/>
    <property name="java.io.tmpdir" value="C:\Users\donat\AppData\Local\Temp\"/>
    <property name="java.version" value="21.0.8"/>
    <property name="user.dir" value="c:\Users\donat\OneDrive\Escritorio\Obj2_actividades\sem3\transicion-java-sem-3\transicion-java"/>
    <property name="os.arch" value="amd64"/>
    <property name="java.vm.specification.name" value="Java Virtual Machine Specification"/>
    <property name="sun.os.patch.level" value=""/>
    <property name="native.encoding" value="Cp1252"/>
    <property name="java.library.path" value="C:\Program Files\Java\jdk-21\bin;C:\Windows\Sun\Java\bin;C:\Windows\system32;C:\Windows;C:\Program Files\Java\jdk-21\bin;C:\Program Files\Microsoft MPI\Bin\;C:\Program Files\Eclipse Adoptium\jdk-11.0.24.8-hotspot\bin;C:\app\donat\product\21c\dbhomeXE\bin;C:\Windows\system32;C:\Windows;C:\Windows\System32\Wbem;C:\Windows\System32\WindowsPowerShell\v1.0\;C:\Windows\System32\OpenSSH\;C:\Program Files\Git\cmd;C:\Program Files\Microsoft SQL Server\150\Tools\Binn\;C:\Program Files\Microsoft SQL Server\Client SDK\ODBC\170\Tools\Binn\;C:\Program Files\dotnet\;C:\Program Files (x86)\Microsoft SQL Server\160\Tools\Binn\;C:\Program Files\Microsoft SQL Server\160\Tools\Binn\;C:\Program Files\Microsoft SQL Server\160\DTS\Binn\;C:\Program Files (x86)\Microsoft SQL Server\160\DTS\Binn\;C:\Program Files\nodejs\;C:\Program Files\apache\Maven\apache-maven-3.9.9\bin;C:\Program Files\Microsoft SQL Server\Client SDK\ODBC\130\Tools\Binn\;C:\Program Files (x86)\Microsoft SQL Server\140\Tools\Binn\;C:\Program Files\Microsoft SQL Server\140\Tools\Binn\;C:\Program Files\Microsoft SQL Server\140\DTS\Binn\;C:\Users\donat\AppData\Local\Programs\Python\Python313\Scripts\;C:\Users\donat\AppData\Local\Programs\Python\Python313\;C:\Users\donat\AppData\Local\Programs\Python\Launcher\;C:\Users\donat\AppData\Local\Microsoft\WindowsApps;C:\Users\donat\.dotnet\tools;C:\Program Files\Azure Data Studio\bin;C:\Users\donat\AppData\Roaming\npm;C:\Users\donat\AppData\Local\Programs\Microsoft VS Code\bin;c:\Users\donat\AppData\Roaming\Code\User\globalStorage\github.copilot-chat\debugCommand;."/>
    <property name="java.vm.info" value="mixed mode, sharing"/>
    <property name="stderr.encoding" value="Cp1252"/>
    <property name="java.vendor" value="Oracle Corporation"/>
    <property name="java.vm.version" value="21.0.8+12-LTS-250"/>
    <property name="sun.io.unicode.encoding" value="UnicodeLittle"/>
    <property name="java.class.version" value="65.0"/>
  </properties>
  <testcase name="tritonNoEsUnPlanetaCulto" classname="com.example.gdmc.transicion.planetas.PlanetaTest" time="0.011"/>
  <testcase name="delegacionDiplomaticaDeTritonEsAnaRosaMonica" classname="com.example.gdmc.transicion.planetas.PlanetaTest" time="0.006"/>
  <testcase name="tritonDespuesDeRecibirTributosLogitudDeMurallasEs6" classname="com.example.gdmc.transicion.planetas.PlanetaTest" time="0.004"/>
  <testcase name="potenciaAparenteDeTritonEs312" classname="com.example.gdmc.transicion.planetas.PlanetaTest" time="0.017"/>
  <testcase name="valorInicialDefensaDeTritonEs2" classname="com.example.gdmc.transicion.planetas.PlanetaTest" time="0.039"/>
  <testcase name="tritonNesecitaReforzarse" classname="com.example.gdmc.transicion.planetas.PlanetaTest" time="0.018"/>
  <testcase name="potenciaRealDeTritonEs184" classname="com.example.gdmc.transicion.planetas.PlanetaTest" time="0.004"/>
  <testcase name="tritonDespuesDeRecibirTributosTiene2Museos" classname="com.example.gdmc.transicion.planetas.PlanetaTest" time="0.003"/>
</testsuite>